[INFO][16:49]: Server is running on port 3001
[INFO][16:49]: MongoDB connected successfully: ac-qmqonx3-shard-00-00.drldbfy.mongodb.net
[INFO][16:52]: Server is running on port 3001
[INFO][16:52]: MongoDB connected successfully: ac-qmqonx3-shard-00-00.drldbfy.mongodb.net
[INFO][16:52]: Server is running on port 3001
[INFO][16:52]: MongoDB connected successfully: ac-qmqonx3-shard-00-00.drldbfy.mongodb.net
[INFO][16:52]: Server is running on port 3001
[INFO][16:52]: MongoDB connected successfully: ac-qmqonx3-shard-00-01.drldbfy.mongodb.net
[INFO][16:53]: Server is running on port 3001
[INFO][16:53]: MongoDB connected successfully: ac-qmqonx3-shard-00-01.drldbfy.mongodb.net
[INFO][16:53]: Server is running on port 3001
[INFO][16:53]: Server is running on port 3001
[INFO][16:53]: MongoDB connected successfully: ac-qmqonx3-shard-00-01.drldbfy.mongodb.net
[INFO][16:53]: Server is running on port 3001
[INFO][16:53]: Server is running on port 3001
[INFO][16:53]: MongoDB connected successfully: ac-qmqonx3-shard-00-02.drldbfy.mongodb.net
[INFO][16:53]: Server is running on port 3001
[INFO][16:53]: MongoDB connected successfully: ac-qmqonx3-shard-00-00.drldbfy.mongodb.net
[INFO][16:54]: Server is running on port 3001
[INFO][16:54]: MongoDB connected successfully: ac-qmqonx3-shard-00-01.drldbfy.mongodb.net
[INFO][16:54]: Server is running on port 3001
[INFO][16:54]: MongoDB connected successfully: ac-qmqonx3-shard-00-00.drldbfy.mongodb.net
[ERROR][21:10]: Validation errors: [object Object],[object Object],[object Object],[object Object],[object Object],[object Object],[object Object],[object Object],[object Object]
[ERROR][21:21]: Validation errors: [object Object],[object Object],[object Object],[object Object],[object Object],[object Object],[object Object],[object Object],[object Object]
[INFO][21:24]: Server is running on port 3001
[INFO][21:24]: MongoDB connected successfully: ac-qmqonx3-shard-00-02.drldbfy.mongodb.net
[INFO][21:25]: Server is running on port 3001
[INFO][21:25]: MongoDB connected successfully: ac-qmqonx3-shard-00-00.drldbfy.mongodb.net
[INFO][21:25]: Server is running on port 3001
[INFO][21:25]: MongoDB connected successfully: ac-qmqonx3-shard-00-01.drldbfy.mongodb.net
[INFO][21:25]: Server is running on port 3001
[INFO][21:25]: MongoDB connected successfully: ac-qmqonx3-shard-00-01.drldbfy.mongodb.net
[INFO][21:25]: Server is running on port 3001
[INFO][21:25]: MongoDB connected successfully: ac-qmqonx3-shard-00-01.drldbfy.mongodb.net
[INFO][21:26]: Server is running on port 3001
[INFO][21:26]: MongoDB connected successfully: ac-qmqonx3-shard-00-02.drldbfy.mongodb.net
[INFO][21:26]: Server is running on port 3001
[INFO][21:26]: MongoDB connected successfully: ac-qmqonx3-shard-00-00.drldbfy.mongodb.net
[INFO][21:26]: Server is running on port 3001
[INFO][21:26]: MongoDB connected successfully: ac-qmqonx3-shard-00-00.drldbfy.mongodb.net
[INFO][21:26]: Server is running on port 3001
[INFO][21:26]: MongoDB connected successfully: ac-qmqonx3-shard-00-01.drldbfy.mongodb.net
[INFO][21:27]: Generating cover letter for user: [object Object]
[INFO][21:27]: File: No file
[INFO][21:27]: Resume text: undefined
[ERROR][21:27]: Error generating cover letter: exports.generateCoverLetter is not a function
[INFO][21:36]: Server is running on port 3001
[INFO][21:36]: MongoDB connected successfully: ac-qmqonx3-shard-00-02.drldbfy.mongodb.net
[INFO][21:37]: Server is running on port 3001
[INFO][21:37]: MongoDB connected successfully: ac-qmqonx3-shard-00-01.drldbfy.mongodb.net
[INFO][21:38]: Server is running on port 3001
[INFO][21:38]: MongoDB connected successfully: ac-qmqonx3-shard-00-00.drldbfy.mongodb.net
[INFO][21:38]: Server is running on port 3001
[INFO][21:38]: MongoDB connected successfully: ac-qmqonx3-shard-00-00.drldbfy.mongodb.net
[INFO][21:39]: Server is running on port 3001
[INFO][21:39]: MongoDB connected successfully: ac-qmqonx3-shard-00-02.drldbfy.mongodb.net
[INFO][21:40]: Server is running on port 3001
[INFO][21:40]: MongoDB connected successfully: ac-qmqonx3-shard-00-00.drldbfy.mongodb.net
[INFO][21:40]: Server is running on port 3001
[INFO][21:40]: MongoDB connected successfully: ac-qmqonx3-shard-00-02.drldbfy.mongodb.net
[INFO][21:40]: Server is running on port 3001
[INFO][21:40]: MongoDB connected successfully: ac-qmqonx3-shard-00-01.drldbfy.mongodb.net
[INFO][21:40]: Server is running on port 3001
[INFO][21:40]: MongoDB connected successfully: ac-qmqonx3-shard-00-01.drldbfy.mongodb.net
[INFO][21:40]: Server is running on port 3001
[INFO][21:40]: MongoDB connected successfully: ac-qmqonx3-shard-00-00.drldbfy.mongodb.net
[INFO][21:40]: Server is running on port 3001
[INFO][21:40]: MongoDB connected successfully: ac-qmqonx3-shard-00-00.drldbfy.mongodb.net
[INFO][21:40]: Server is running on port 3001
[INFO][21:40]: MongoDB connected successfully: ac-qmqonx3-shard-00-00.drldbfy.mongodb.net
[INFO][21:41]: Server is running on port 3001
[INFO][21:41]: MongoDB connected successfully: ac-qmqonx3-shard-00-01.drldbfy.mongodb.net
[INFO][21:41]: Server is running on port 3001
[INFO][21:41]: MongoDB connected successfully: ac-qmqonx3-shard-00-02.drldbfy.mongodb.net
[INFO][21:41]: Server is running on port 3001
[INFO][21:41]: MongoDB connected successfully: ac-qmqonx3-shard-00-00.drldbfy.mongodb.net
[INFO][21:43]: Server is running on port 3001
[INFO][21:43]: MongoDB connected successfully: ac-qmqonx3-shard-00-01.drldbfy.mongodb.net
[INFO][21:43]: Server is running on port 3001
[INFO][21:43]: MongoDB connected successfully: ac-qmqonx3-shard-00-00.drldbfy.mongodb.net
[INFO][21:43]: Server is running on port 3001
[INFO][21:43]: MongoDB connected successfully: ac-qmqonx3-shard-00-02.drldbfy.mongodb.net
[INFO][21:43]: Server is running on port 3001
[INFO][21:43]: MongoDB connected successfully: ac-qmqonx3-shard-00-02.drldbfy.mongodb.net
[INFO][21:43]: Server is running on port 3001
[INFO][21:43]: MongoDB connected successfully: ac-qmqonx3-shard-00-00.drldbfy.mongodb.net
[INFO][21:43]: Server is running on port 3001
[INFO][21:43]: MongoDB connected successfully: ac-qmqonx3-shard-00-00.drldbfy.mongodb.net
[INFO][21:44]: Server is running on port 3001
[INFO][21:44]: Server is running on port 3001
[INFO][21:44]: MongoDB connected successfully: ac-qmqonx3-shard-00-00.drldbfy.mongodb.net
[INFO][21:44]: Server is running on port 3001
[INFO][21:44]: MongoDB connected successfully: ac-qmqonx3-shard-00-00.drldbfy.mongodb.net
[INFO][21:45]: Server is running on port 3001
[INFO][21:46]: MongoDB connected successfully: ac-qmqonx3-shard-00-00.drldbfy.mongodb.net
[INFO][21:46]: Server is running on port 3001
[INFO][21:46]: MongoDB connected successfully: ac-qmqonx3-shard-00-00.drldbfy.mongodb.net
[INFO][21:46]: Server is running on port 3001
[INFO][21:46]: MongoDB connected successfully: ac-qmqonx3-shard-00-00.drldbfy.mongodb.net
[INFO][21:46]: Server is running on port 3001
[INFO][21:46]: MongoDB connected successfully: ac-qmqonx3-shard-00-01.drldbfy.mongodb.net
[INFO][21:46]: Server is running on port 3001
[INFO][21:46]: MongoDB connected successfully: ac-qmqonx3-shard-00-02.drldbfy.mongodb.net
[ERROR][21:51]: Error generating cover letter: Unexpected token u in JSON at position 0
[ERROR][22:08]: Error generating cover letter: Unexpected token u in JSON at position 0
[INFO][22:19]: Server is running on port 3001
[INFO][22:19]: MongoDB connected successfully: ac-qmqonx3-shard-00-02.drldbfy.mongodb.net
[ERROR][23:58]: Error generating cover letter: Unexpected token u in JSON at position 0
