[info][00:04] User logged in: Hinata
[info][01:10] No user logged out : undefined
[info][01:10] No user logged out : undefined
[info][01:30] User logged in: Hinata
[info][01:37] Parsed Raw Input Values:
[info][01:37] Extracted data from LinkedIn job listing:
[info][01:37] Scraped: {"jobTitle":"Frontend Software Engineer","companyName":"TikTok","jobDescription":"ResponsibilitiesTikTok is the leading destination for short-form mobile video. Our mission is to inspire creativity and bring joy. TikTok has global offices including Mountain View, Los Angeles, New York, London, Paris, Berlin, Dubai, Mumbai, Singapore, Jakarta, Seoul, and Tokyo. Why Join Us Creation is the core of TikTok's purpose. Our platform is built to help imaginations thrive. This is doubly true of the teams that make TikTok possible. Together, we inspire creativity and bring joy - a mission we all believe in and aim towards achieving every day. To us, every challenge, no matter how difficult, is an opportunity; to learn, to innovate, and to grow as one team. Status quo? Never. Courage? Always. At TikTok, we create together and grow together. That's how we drive impact - for ourselves, our company, and the communities we serve. Join us. The e-commerce industry has seen tremendous growth in recent years and has become a hotly contested space amongst leading Internet companies, and its future growth cannot be underestimated. With millions of loyal users globally, we believe TikTok is an ideal platform to deliver a brand new and better e-commerce experience to our users. Our product engineering team is responsible for building an e-commerce ecosystem that is innovative, secure and intuitive for our users. We are looking for passionate and talented people to join us as we drive the future of e-commerce here at TikTok. Responsibilities: - Work closely with Product Managers, Designers, and other disciplines to develop all of TTS US businesses on TikTok. - Be responsible for developing all of TTS US Shop businesses - which will involve exciting projects covering user growth, homepage, discovery channel etc.QualificationsMinimum Qulifications: - Bachelor or higher degree in Computer Science or related technical discipline. - 2+ years of related working experience on Frontend development. - Experience with JavaScript/HTML/CSS, React/Vue/Angular. - Experience in solving browser compatibility issues and optimizing front-end performance. - Experience of business, technical abstraction and system module design. Preferred Qualifications: - Hybrid cross-platform development experience. - Large-scale website architecture experience. TikTok is committed to creating an inclusive space where employees are valued for their skills, experiences, and unique perspectives. Our platform connects people from across the globe and so does our workplace. At TikTok, our mission is to inspire creativity and bring joy. To achieve that goal, we are committed to celebrating our diverse voices and to creating an environment that reflects the many communities we reach. We are passionate about this and hope you are too. TikTok is committed to providing reasonable accommodations in our recruitment processes for candidates with disabilities, pregnancy, sincerely held religious beliefs or other reasons protected by applicable laws. If you need assistance or a reasonable accommodation, please reach out to us at https://shorturl.at/cdpT2.Job Information【For Pay Transparency】Compensation Description (annually)The base salary range for this position in the selected city is $145000 - $250000 annually.​Compensation may vary outside of this range depending on a number of factors, including a candidate’s qualifications, skills, competencies and experience, and location. Base pay is one part of the Total Package that is provided to compensate and recognize employees for their work, and this role may be eligible for additional discretionary bonuses/incentives, and restricted stock units.​Our company benefits are designed to convey company culture and values, to create an efficient and inspiring work environment, and to support our employees to give their best in both work and life. We offer the following benefits to eligible employees: ​We cover 100% premium coverage for employee medical insurance, approximately 75% premium coverage for dependents and offer a Health Savings Account(HSA) with a company match. As well as Dental, Vision, Short/Long term Disability, Basic Life, Voluntary Life and AD&D insurance plans. In addition to Flexible Spending Account(FSA) Options like Health Care, Limited Purpose and Dependent Care. ​Our time off and leave plans are: 10 paid holidays per year plus 17 days of Paid Personal Time Off (PPTO) (prorated upon hire and increased by tenure) and 10 paid sick days per year as well as 12 weeks of paid Parental leave and 8 weeks of paid Supplemental Disability. ​We also provide generous benefits like mental and emotional health benefits through our EAP and Lyra. A 401K company match, gym and cellphone service reimbursements. The Company reserves the right to modify or change these benefits programs at any time, with or without notice.​ Show more Show less","jobRequirements":"Mid-Senior level, Full-time, Engineering, Technology, Information and Internet","skills":"","location":"Seattle, WA","employmentType":"","postedDate":"2 weeks ago","seniorityLevel":"","industries":"","companyCulture":"","benefits":""}
[info][01:37] [GENERATED COVER LETTER] Reed O Vogt
2222 e cr drive
[Your City, State, Zip Code]
readvogt@gmail.com
2069158624

5/24/2024

Hiring Manager
TikTok
[TikTok Address]
[TikTok City, State, Zip Code]

Dear Hiring Manager,

I am writing to express my interest in the Frontend Software Engineer position at TikTok as advertised. With a strong background in software development and a passion for AI technologies, I am excited about the opportunity to contribute to TikTok's mission of inspiring creativity and bringing joy through innovative e-commerce experiences.

My career as a Seattle-based Full Stack Developer has equipped me with a diverse skill set that aligns well with the requirements of the role. I have extensive experience working with languages such as HTML5, CSS, JavaScript, TypeScript, and SQL. Additionally, I am proficient in using frameworks and tools including React.js, Node.js, MongoDB, and Docker. My projects showcase my ability to deliver user-centric software solutions while leveraging AI model training techniques and data analysis.

One of my notable projects includes the creation of an enhanced e-commerce platform with features like card search and management using JavaScript, React.js, Express, MongoDB, and Material UI. This project reflects my expertise in frontend development and my commitment to delivering high-quality products that enhance user experiences.

Furthermore, my experience in explaining complex concepts in educational settings makes me adept at collaborating with cross-functional teams to develop innovative solutions. I am dedicated to continuous learning and technical skill enhancement which aligns with TikTok's culture of creativity and growth.

I am particularly excited about the opportunity to work at TikTok because of the company's commitment to diversity and inclusion. I believe that my unique perspectives and experiences will contribute positively to the collaborative environment at TikTok.

I am impressed by TikTok's vision for driving impact through creativity and innovation. I am eager to bring my skills in frontend development and AI technologies to help drive the future of e-commerce at TikTok.

Thank you for considering my application. I look forward to the possibility of contributing to TikTok's success as a Frontend Software Engineer. Please find attached my resume for your review.

Warm regards,

Reed O Vogt
[info][01:37] PDF saved at: /Users/reedvogt/Desktop/cover-letter-generator/src/generated/cover_letter_f5b96b23f9f97da5.pdf
[info][01:37] Returning relative PDF path: /generated/cover_letter_f5b96b23f9f97da5.pdf
