[info][00:29] Server is running on port 3001
[info][00:29] MongoDB connected successfully
[info][00:29] Server is running on port 3001
[info][00:29] MongoDB connected successfully
[info][04:12] Server is running on port 3001
[info][04:12] MongoDB connected successfully
[info][04:13] Server is running on port 3001
[info][04:13] MongoDB connected successfully
[info][04:13] Server is running on port 3001
[info][04:13] MongoDB connected successfully
[info][04:16] Server is running on port 3001
[info][04:16] MongoDB connected successfully
[info][04:16] Server is running on port 3001
[info][04:16] MongoDB connected successfully
[info][04:16] Server is running on port 3001
[info][04:16] MongoDB connected successfully
[info][04:16] Server is running on port 3001
[info][04:16] MongoDB connected successfully
[info][04:16] Server is running on port 3001
[info][04:16] MongoDB connected successfully
[info][04:16] Server is running on port 3001
[info][04:16] MongoDB connected successfully
[info][04:17] Server is running on port 3001
[info][05:24] MongoDB connected successfully
[info][05:24] MongoDB connected successfully
[info][05:26] MongoDB connected successfully
[info][05:26] MongoDB connected successfully
[info][05:26] MongoDB connected successfully
[info][05:26] MongoDB connected successfully
[info][05:27] MongoDB connected successfully
[info][05:27] MongoDB connected successfully
[info][05:29] MongoDB connected successfully
[info][05:29] MongoDB connected successfully
[info][05:29] MongoDB connected successfully
[info][05:29] MongoDB connected successfully
[info][05:30] MongoDB connected successfully
[info][05:30] MongoDB connected successfully
[info][05:32] MongoDB connected successfully
[info][05:32] MongoDB connected successfully
[info][05:33] MongoDB connected successfully
[info][05:34] MongoDB connected successfully
[info][05:35] MongoDB connected successfully
[info][05:53] Server is running on port 3001
[info][05:53] MongoDB connected successfully
[info][05:53] MongoDB connected successfully
[info][05:53] MongoDB connected successfully
[info][05:53] MongoDB connected successfully
[info][05:53] MongoDB connected successfully
[info][07:28] Server is running on port 3001
[info][07:35] Server is running on port 3001
[info][07:43] Server is running on port 3001
[info][07:49] Server is running on port 3001
[info][07:55] Server is running on port 3001
[info][08:01] Server is running on port 3001
[info][08:05] Server is running on port 3001
[info][08:09] Server is running on port 3001
[info][08:09] MongoDB connected successfully
[info][08:09] MongoDB connected successfully
[info][08:10] Server is running on port 3001
[info][08:14] Server is running on port 3001
[info][08:43] undefined
[info][08:45] undefined
[info][08:45] undefined
[info][08:51] undefined
[info][08:58] undefined
[info][09:01] undefined
[info][09:19] undefined
[info][09:22] undefined
[info][09:30] undefined
[info][09:33] undefined
[info][09:52] undefined
[info][09:55] undefined
[info][09:55] User registered: undefined
[info][09:55] User logged in: testuser
[info][09:55] User logged in: testuser
[info][09:57] undefined
[info][10:01] undefined
[info][10:03] undefined
[info][10:05] undefined
[info][10:18] undefined
[info][10:19] undefined
[info][10:23] undefined
[info][10:28] undefined
[info][10:31] undefined
[info][10:32] undefined
[info][10:33] undefined
[info][10:35] undefined
[info][10:39] undefined
[info][10:39] undefined
[info][10:40] undefined
[info][10:41] undefined
[info][10:43] undefined
[info][10:49] undefined
[info][10:50] undefined
[info][10:55] undefined
[info][10:56] undefined
[info][10:57] undefined
[info][10:59] undefined
[info][11:01] undefined
[info][11:35] undefined
[info][11:35] Server is running on port 3001
[info][11:48] undefined
[info][11:54] Server is running on port 3001
[info][11:54] undefined
[info][11:54] MongoDB connected successfully
[info][11:54] MongoDB connected successfully
[info][12:10] Server is running on port 3001
[info][12:10] undefined
[info][12:10] MongoDB connected successfully
[info][12:10] MongoDB connected successfully
[info][12:13] Server is running on port 3001
[info][12:13] undefined
[info][12:13] MongoDB connected successfully
[info][12:13] MongoDB connected successfully
[info][12:14] Server is running on port 3001
[info][12:14] undefined
[info][12:14] MongoDB connected successfully
[info][12:14] MongoDB connected successfully
[info][12:15] Server is running on port 3001
[info][12:15] undefined
[info][12:15] MongoDB connected successfully
[info][12:15] MongoDB connected successfully
[info][12:16] Server is running on port 3001
[info][12:16] undefined
[info][12:16] MongoDB connected successfully
[info][12:16] MongoDB connected successfully
[info][12:24] Server is running on port 3001
[info][12:24] undefined
[info][12:24] MongoDB connected successfully
[info][12:24] MongoDB connected successfully
[info][12:34] Server is running on port 3001
[info][12:34] undefined
[info][12:34] MongoDB connected successfully
[info][12:34] MongoDB connected successfully
[info][12:34] MongoDB connected successfully
[info][12:39] Server is running on port 3001
[info][12:39] MongoDB connected successfully
[info][12:39] MongoDB connected successfully
[info][12:39] undefined
[info][12:42] Server is running on port 3001
[info][12:42] MongoDB connected successfully
[info][12:42] MongoDB connected successfully
[info][12:42] undefined
[info][12:50] Server is running on port 3001
[info][12:50] MongoDB connected successfully
[info][12:50] MongoDB connected successfully
[info][12:50] undefined
[info][12:50] Server is running on port 3001
[info][12:50] MongoDB connected successfully
[info][12:50] MongoDB connected successfully
[info][12:50] undefined
[info][12:53] Server is running on port 3001
[info][12:53] MongoDB connected successfully
[info][12:53] MongoDB connected successfully
[info][12:53] MongoDB connected successfully
[info][12:53] undefined
[info][12:57] Server is running on port 3001
[info][12:57] MongoDB connected successfully
[info][12:57] MongoDB connected successfully
[info][12:57] undefined
[info][12:57] Server is running on port 3001
[info][12:57] MongoDB connected successfully
[info][12:57] MongoDB connected successfully
[info][12:57] undefined
[info][13:03] Server is running on port 3001
[info][13:03] MongoDB connected successfully
[info][13:03] MongoDB connected successfully
[info][13:03] undefined
[info][13:03] Server is running on port 3001
[info][13:03] MongoDB connected successfully
[info][13:03] MongoDB connected successfully
[info][13:03] undefined
[info][13:04] Server is running on port 3001
[info][13:05] MongoDB connected successfully
[info][13:05] MongoDB connected successfully
[info][13:05] undefined
[info][13:05] Server is running on port 3001
[info][13:06] MongoDB connected successfully
[info][13:06] MongoDB connected successfully
[info][13:06] undefined
[info][13:25] Server is running on port 3001
[info][13:25] MongoDB connected successfully
[info][13:25] MongoDB connected successfully
[info][13:25] undefined
[info][13:30] undefined
[info][13:35] undefined
[info][13:39] undefined
[info][13:59] undefined
[info][14:03] undefined
[info][14:26] undefined
[info][14:35] undefined
[info][14:39] undefined
[info][14:45] undefined
[info][14:57] undefined
[info][15:01] undefined
[info][15:08] undefined
[info][15:20] undefined
[info][15:35] undefined
[info][15:41] undefined
[info][15:47] undefined
[info][16:09] undefined
[info][16:34] undefined
[info][16:44] undefined
[info][16:58] undefined
[info][17:00] Server is running on port 3001
[info][17:00] MongoDB connected successfully: ac-qmqonx3-shard-00-02.drldbfy.mongodb.net
[info][17:02] Server is running on port 3001
[info][17:02] MongoDB connected successfully: ac-qmqonx3-shard-00-02.drldbfy.mongodb.net
[info][17:03] Server is running on port 3001
[info][17:03] MongoDB connected successfully: ac-qmqonx3-shard-00-02.drldbfy.mongodb.net
[info][17:06] Server is running on port 3001
[info][17:06] Server is running on port 3001
[info][17:07] MongoDB connected successfully: ac-qmqonx3-shard-00-00.drldbfy.mongodb.net
[info][17:07] undefined
[info][17:14] undefined
[info][17:18] undefined
