[info][00:14] MongoDB connected successfully: ac-qmqonx3-shard-00-00.drldbfy.mongodb.net
[info][00:14] Server is running on port 3001
[info][00:15] MongoDB connected successfully: ac-qmqonx3-shard-00-00.drldbfy.mongodb.net
[info][00:15] Server is running on port 3001
[info][03:43] MongoDB connected successfully: ac-qmqonx3-shard-00-01.drldbfy.mongodb.net
[info][03:43] Server is running on port 3001
[info][03:55] MongoDB connected successfully: ac-qmqonx3-shard-00-01.drldbfy.mongodb.net
[info][03:55] Server is running on port 3001
[info][03:57] User registered: Temari
[info][04:12] MongoDB connected successfully: ac-qmqonx3-shard-00-02.drldbfy.mongodb.net
[info][04:12] Server is running on port 3001
[info][04:12] MongoDB connected successfully: ac-qmqonx3-shard-00-00.drldbfy.mongodb.net
[info][04:12] Server is running on port 3001
[info][04:13] MongoDB connected successfully: ac-qmqonx3-shard-00-00.drldbfy.mongodb.net
[info][04:13] Server is running on port 3001
[info][04:14] MongoDB connected successfully: ac-qmqonx3-shard-00-02.drldbfy.mongodb.net
[info][04:14] Server is running on port 3001
[info][04:16] MongoDB connected successfully: ac-qmqonx3-shard-00-00.drldbfy.mongodb.net
[info][04:16] Server is running on port 3001
[info][04:16] MongoDB connected successfully: ac-qmqonx3-shard-00-00.drldbfy.mongodb.net
[info][04:16] Server is running on port 3001
[info][04:17] MongoDB connected successfully: ac-qmqonx3-shard-00-00.drldbfy.mongodb.net
[info][04:17] Server is running on port 3001
[info][07:02] MongoDB connected successfully: ac-qmqonx3-shard-00-01.drldbfy.mongodb.net
[info][07:02] Server is running on port 3001
[info][07:03] MongoDB connected successfully: ac-qmqonx3-shard-00-01.drldbfy.mongodb.net
[info][07:03] Server is running on port 3001
[info][07:03] MongoDB connected successfully: ac-qmqonx3-shard-00-00.drldbfy.mongodb.net
[info][07:03] Server is running on port 3001
[info][07:05] MongoDB connected successfully: ac-qmqonx3-shard-00-00.drldbfy.mongodb.net
[info][07:05] Server is running on port 3001
[info][07:06] MongoDB connected successfully: ac-qmqonx3-shard-00-02.drldbfy.mongodb.net
[info][07:06] Server is running on port 3001
[info][07:06] MongoDB connected successfully: ac-qmqonx3-shard-00-02.drldbfy.mongodb.net
[info][07:06] Server is running on port 3001
[info][07:07] MongoDB connected successfully: ac-qmqonx3-shard-00-01.drldbfy.mongodb.net
[info][07:07] Server is running on port 3001
[info][07:07] MongoDB connected successfully: ac-qmqonx3-shard-00-01.drldbfy.mongodb.net
[info][07:07] Server is running on port 3001
[info][07:07] MongoDB connected successfully: ac-qmqonx3-shard-00-00.drldbfy.mongodb.net
[info][07:07] Server is running on port 3001
[info][07:07] MongoDB connected successfully: ac-qmqonx3-shard-00-00.drldbfy.mongodb.net
[info][07:07] Server is running on port 3001
[info][07:08] MongoDB connected successfully: ac-qmqonx3-shard-00-00.drldbfy.mongodb.net
[info][07:08] Server is running on port 3001
[info][07:08] MongoDB connected successfully: ac-qmqonx3-shard-00-02.drldbfy.mongodb.net
[info][07:08] Server is running on port 3001
[info][07:08] MongoDB connected successfully: ac-qmqonx3-shard-00-00.drldbfy.mongodb.net
[info][07:08] Server is running on port 3001
[info][07:08] MongoDB connected successfully: ac-qmqonx3-shard-00-01.drldbfy.mongodb.net
[info][07:08] Server is running on port 3001
[info][07:09] MongoDB connected successfully: ac-qmqonx3-shard-00-01.drldbfy.mongodb.net
[info][07:09] Server is running on port 3001
[info][07:09] MongoDB connected successfully: ac-qmqonx3-shard-00-00.drldbfy.mongodb.net
[info][07:09] Server is running on port 3001
[info][07:09] MongoDB connected successfully: ac-qmqonx3-shard-00-02.drldbfy.mongodb.net
[info][07:09] Server is running on port 3001
[info][07:09] MongoDB connected successfully: ac-qmqonx3-shard-00-01.drldbfy.mongodb.net
[info][07:09] Server is running on port 3001
[info][07:09] MongoDB connected successfully: ac-qmqonx3-shard-00-01.drldbfy.mongodb.net
[info][07:09] Server is running on port 3001
[info][07:10] MongoDB connected successfully: ac-qmqonx3-shard-00-01.drldbfy.mongodb.net
[info][07:10] Server is running on port 3001
[info][07:10] MongoDB connected successfully: ac-qmqonx3-shard-00-01.drldbfy.mongodb.net
[info][07:10] Server is running on port 3001
[info][07:10] MongoDB connected successfully: ac-qmqonx3-shard-00-01.drldbfy.mongodb.net
[info][07:10] Server is running on port 3001
[info][07:10] MongoDB connected successfully: ac-qmqonx3-shard-00-00.drldbfy.mongodb.net
[info][07:10] Server is running on port 3001
[info][07:11] MongoDB connected successfully: ac-qmqonx3-shard-00-02.drldbfy.mongodb.net
[info][07:11] Server is running on port 3001
[info][07:12] MongoDB connected successfully: ac-qmqonx3-shard-00-02.drldbfy.mongodb.net
[info][07:12] Server is running on port 3001
[info][07:12] MongoDB connected successfully: ac-qmqonx3-shard-00-00.drldbfy.mongodb.net
[info][07:12] Server is running on port 3001
[info][07:12] MongoDB connected successfully: ac-qmqonx3-shard-00-00.drldbfy.mongodb.net
[info][07:12] Server is running on port 3001
[info][07:13] MongoDB connected successfully: ac-qmqonx3-shard-00-00.drldbfy.mongodb.net
[info][07:13] Server is running on port 3001
[info][07:13] MongoDB connected successfully: ac-qmqonx3-shard-00-02.drldbfy.mongodb.net
[info][07:13] Server is running on port 3001
[info][07:13] MongoDB connected successfully: ac-qmqonx3-shard-00-01.drldbfy.mongodb.net
[info][07:13] Server is running on port 3001
[info][07:13] MongoDB connected successfully: ac-qmqonx3-shard-00-02.drldbfy.mongodb.net
[info][07:13] Server is running on port 3001
[info][07:14] MongoDB connected successfully: ac-qmqonx3-shard-00-02.drldbfy.mongodb.net
[info][07:14] Server is running on port 3001
[info][07:14] MongoDB connected successfully: ac-qmqonx3-shard-00-00.drldbfy.mongodb.net
[info][07:14] Server is running on port 3001
[info][07:15] MongoDB connected successfully: ac-qmqonx3-shard-00-00.drldbfy.mongodb.net
[info][07:15] Server is running on port 3001
[info][07:15] MongoDB connected successfully: ac-qmqonx3-shard-00-01.drldbfy.mongodb.net
[info][07:15] Server is running on port 3001
[info][07:15] MongoDB connected successfully: ac-qmqonx3-shard-00-00.drldbfy.mongodb.net
[info][07:15] Server is running on port 3001
[info][07:15] MongoDB connected successfully: ac-qmqonx3-shard-00-01.drldbfy.mongodb.net
[info][07:15] Server is running on port 3001
[info][07:15] MongoDB connected successfully: ac-qmqonx3-shard-00-01.drldbfy.mongodb.net
[info][07:15] Server is running on port 3001
[info][07:17] MongoDB connected successfully: ac-qmqonx3-shard-00-01.drldbfy.mongodb.net
[info][07:17] Server is running on port 3001
[info][07:17] MongoDB connected successfully: ac-qmqonx3-shard-00-02.drldbfy.mongodb.net
[info][07:17] Server is running on port 3001
[info][07:17] MongoDB connected successfully: ac-qmqonx3-shard-00-01.drldbfy.mongodb.net
[info][07:17] Server is running on port 3001
[info][07:18] MongoDB connected successfully: ac-qmqonx3-shard-00-02.drldbfy.mongodb.net
[info][07:18] Server is running on port 3001
[info][07:18] MongoDB connected successfully: ac-qmqonx3-shard-00-02.drldbfy.mongodb.net
[info][07:18] Server is running on port 3001
[info][07:18] MongoDB connected successfully: ac-qmqonx3-shard-00-00.drldbfy.mongodb.net
[info][07:18] Server is running on port 3001
[info][07:19] MongoDB connected successfully: ac-qmqonx3-shard-00-02.drldbfy.mongodb.net
[info][07:19] Server is running on port 3001
[info][07:19] MongoDB connected successfully: ac-qmqonx3-shard-00-00.drldbfy.mongodb.net
[info][07:19] Server is running on port 3001
[info][07:19] MongoDB connected successfully: ac-qmqonx3-shard-00-00.drldbfy.mongodb.net
[info][07:19] Server is running on port 3001
[info][07:20] MongoDB connected successfully: ac-qmqonx3-shard-00-00.drldbfy.mongodb.net
[info][07:20] Server is running on port 3001
[info][07:34] MongoDB connected successfully: ac-qmqonx3-shard-00-00.drldbfy.mongodb.net
[info][07:34] Server is running on port 3001
[info][07:34] MongoDB connected successfully: ac-qmqonx3-shard-00-01.drldbfy.mongodb.net
[info][07:34] Server is running on port 3001
[info][07:36] MongoDB connected successfully: ac-qmqonx3-shard-00-01.drldbfy.mongodb.net
[info][07:36] Server is running on port 3001
[info][07:36] MongoDB connected successfully: ac-qmqonx3-shard-00-01.drldbfy.mongodb.net
[info][07:36] Server is running on port 3001
[info][07:36] MongoDB connected successfully: ac-qmqonx3-shard-00-01.drldbfy.mongodb.net
[info][07:36] Server is running on port 3001
[info][07:37] MongoDB connected successfully: ac-qmqonx3-shard-00-00.drldbfy.mongodb.net
[info][07:37] Server is running on port 3001
[info][07:37] MongoDB connected successfully: ac-qmqonx3-shard-00-00.drldbfy.mongodb.net
[info][07:37] Server is running on port 3001
[info][07:38] MongoDB connected successfully: ac-qmqonx3-shard-00-02.drldbfy.mongodb.net
[info][07:38] Server is running on port 3001
[info][07:39] MongoDB connected successfully: ac-qmqonx3-shard-00-02.drldbfy.mongodb.net
[info][07:39] Server is running on port 3001
[info][07:55] MongoDB connected successfully: ac-qmqonx3-shard-00-02.drldbfy.mongodb.net
[info][07:55] Server is running on port 3001
[info][08:25] MongoDB connected successfully: ac-qmqonx3-shard-00-02.drldbfy.mongodb.net
[info][08:25] Server is running on port 3001
[info][08:25] MongoDB connected successfully: ac-qmqonx3-shard-00-02.drldbfy.mongodb.net
[info][08:25] Server is running on port 3001
[info][08:25] MongoDB connected successfully: ac-qmqonx3-shard-00-01.drldbfy.mongodb.net
[info][08:25] Server is running on port 3001
[info][08:25] MongoDB connected successfully: ac-qmqonx3-shard-00-02.drldbfy.mongodb.net
[info][08:25] Server is running on port 3001
[info][08:25] MongoDB connected successfully: ac-qmqonx3-shard-00-00.drldbfy.mongodb.net
[info][08:25] Server is running on port 3001
[info][08:26] MongoDB connected successfully: ac-qmqonx3-shard-00-00.drldbfy.mongodb.net
[info][08:26] Server is running on port 3001
[info][08:26] MongoDB connected successfully: ac-qmqonx3-shard-00-01.drldbfy.mongodb.net
[info][08:26] Server is running on port 3001
[info][08:26] MongoDB connected successfully: ac-qmqonx3-shard-00-00.drldbfy.mongodb.net
[info][08:26] Server is running on port 3001
[info][08:26] MongoDB connected successfully: ac-qmqonx3-shard-00-01.drldbfy.mongodb.net
[info][08:26] Server is running on port 3001
[info][08:26] MongoDB connected successfully: ac-qmqonx3-shard-00-01.drldbfy.mongodb.net
[info][08:26] Server is running on port 3001
[info][08:26] MongoDB connected successfully: ac-qmqonx3-shard-00-01.drldbfy.mongodb.net
[info][08:26] Server is running on port 3001
[info][08:27] MongoDB connected successfully: ac-qmqonx3-shard-00-00.drldbfy.mongodb.net
[info][08:27] Server is running on port 3001
[info][08:28] MongoDB connected successfully: ac-qmqonx3-shard-00-00.drldbfy.mongodb.net
[info][08:28] Server is running on port 3001
[info][08:30] MongoDB connected successfully: ac-qmqonx3-shard-00-01.drldbfy.mongodb.net
[info][08:30] Server is running on port 3001
[info][08:33] MongoDB connected successfully: ac-qmqonx3-shard-00-02.drldbfy.mongodb.net
[info][08:33] Server is running on port 3001
[info][08:34] MongoDB connected successfully: ac-qmqonx3-shard-00-00.drldbfy.mongodb.net
[info][08:34] Server is running on port 3001
[info][08:37] MongoDB connected successfully: ac-qmqonx3-shard-00-02.drldbfy.mongodb.net
[info][08:37] Server is running on port 3001
[info][08:38] MongoDB connected successfully: ac-qmqonx3-shard-00-00.drldbfy.mongodb.net
[info][08:38] Server is running on port 3001
[info][08:38] MongoDB connected successfully: ac-qmqonx3-shard-00-01.drldbfy.mongodb.net
[info][08:38] Server is running on port 3001
[info][08:38] MongoDB connected successfully: ac-qmqonx3-shard-00-02.drldbfy.mongodb.net
[info][08:38] Server is running on port 3001
[info][08:40] MongoDB connected successfully: ac-qmqonx3-shard-00-02.drldbfy.mongodb.net
[info][08:40] Server is running on port 3001
[info][08:41] MongoDB connected successfully: ac-qmqonx3-shard-00-01.drldbfy.mongodb.net
[info][08:41] Server is running on port 3001
[info][08:41] MongoDB connected successfully: ac-qmqonx3-shard-00-01.drldbfy.mongodb.net
[info][08:41] Server is running on port 3001
[info][08:42] MongoDB connected successfully: ac-qmqonx3-shard-00-02.drldbfy.mongodb.net
[info][08:42] Server is running on port 3001
[info][08:42] MongoDB connected successfully: ac-qmqonx3-shard-00-00.drldbfy.mongodb.net
[info][08:42] Server is running on port 3001
[info][08:42] MongoDB connected successfully: ac-qmqonx3-shard-00-01.drldbfy.mongodb.net
[info][08:42] Server is running on port 3001
[info][08:43] MongoDB connected successfully: ac-qmqonx3-shard-00-02.drldbfy.mongodb.net
[info][08:43] Server is running on port 3001
[info][08:43] MongoDB connected successfully: ac-qmqonx3-shard-00-02.drldbfy.mongodb.net
[info][08:43] Server is running on port 3001
[info][08:43] MongoDB connected successfully: ac-qmqonx3-shard-00-01.drldbfy.mongodb.net
[info][08:43] Server is running on port 3001
[info][08:49] MongoDB connected successfully: ac-qmqonx3-shard-00-01.drldbfy.mongodb.net
[info][08:49] Server is running on port 3001
[info][08:50] MongoDB connected successfully: ac-qmqonx3-shard-00-01.drldbfy.mongodb.net
[info][08:50] Server is running on port 3001
[info][08:57] MongoDB connected successfully: ac-qmqonx3-shard-00-01.drldbfy.mongodb.net
[info][08:57] Server is running on port 3001
[info][08:58] MongoDB connected successfully: ac-qmqonx3-shard-00-02.drldbfy.mongodb.net
[info][08:58] Server is running on port 3001
[info][08:58] MongoDB connected successfully: ac-qmqonx3-shard-00-01.drldbfy.mongodb.net
[info][08:58] Server is running on port 3001
[info][08:58] MongoDB connected successfully: ac-qmqonx3-shard-00-00.drldbfy.mongodb.net
[info][08:58] Server is running on port 3001
[info][08:59] MongoDB connected successfully: ac-qmqonx3-shard-00-02.drldbfy.mongodb.net
[info][08:59] Server is running on port 3001
[info][08:59] MongoDB connected successfully: ac-qmqonx3-shard-00-02.drldbfy.mongodb.net
[info][08:59] Server is running on port 3001
[info][09:00] MongoDB connected successfully: ac-qmqonx3-shard-00-02.drldbfy.mongodb.net
[info][09:00] Server is running on port 3001
[info][09:00] MongoDB connected successfully: ac-qmqonx3-shard-00-01.drldbfy.mongodb.net
[info][09:00] Server is running on port 3001
[info][09:00] MongoDB connected successfully: ac-qmqonx3-shard-00-01.drldbfy.mongodb.net
[info][09:00] Server is running on port 3001
[info][10:16] MongoDB connected successfully: ac-qmqonx3-shard-00-01.drldbfy.mongodb.net
[info][10:16] Server is running on port 3001
[info][10:17] MongoDB connected successfully: ac-qmqonx3-shard-00-02.drldbfy.mongodb.net
[info][10:17] Server is running on port 3001
[info][10:34] MongoDB connected successfully: ac-qmqonx3-shard-00-00.drldbfy.mongodb.net
[info][10:34] Server is running on port 3001
[info][10:36] MongoDB connected successfully: ac-qmqonx3-shard-00-02.drldbfy.mongodb.net
[info][10:36] Server is running on port 3001
[info][10:36] MongoDB connected successfully: ac-qmqonx3-shard-00-00.drldbfy.mongodb.net
[info][10:36] Server is running on port 3001
[info][10:40] MongoDB connected successfully: ac-qmqonx3-shard-00-01.drldbfy.mongodb.net
[info][10:40] Server is running on port 3001
[info][10:40] MongoDB connected successfully: ac-qmqonx3-shard-00-01.drldbfy.mongodb.net
[info][10:40] Server is running on port 3001
[info][10:40] MongoDB connected successfully: ac-qmqonx3-shard-00-01.drldbfy.mongodb.net
[info][10:40] Server is running on port 3001
[info][10:40] MongoDB connected successfully: ac-qmqonx3-shard-00-02.drldbfy.mongodb.net
[info][10:40] Server is running on port 3001
[info][10:40] MongoDB connected successfully: ac-qmqonx3-shard-00-01.drldbfy.mongodb.net
[info][10:40] Server is running on port 3001
[info][10:41] MongoDB connected successfully: ac-qmqonx3-shard-00-02.drldbfy.mongodb.net
[info][10:41] Server is running on port 3001
[info][10:41] MongoDB connected successfully: ac-qmqonx3-shard-00-01.drldbfy.mongodb.net
[info][10:41] Server is running on port 3001
[info][10:43] MongoDB connected successfully: ac-qmqonx3-shard-00-02.drldbfy.mongodb.net
[info][10:43] Server is running on port 3001
[info][10:45] MongoDB connected successfully: ac-qmqonx3-shard-00-00.drldbfy.mongodb.net
[info][10:45] Server is running on port 3001
[info][10:51] User registered: TemariTee
[info][10:52] User registered: TemariTeePee
[info][11:55] No user logged out : undefined
[info][11:55] No user logged out : undefined
[info][12:05] No user logged out : undefined
[info][12:06] MongoDB connected successfully: ac-qmqonx3-shard-00-02.drldbfy.mongodb.net
[info][12:06] Server is running on port 3001
[info][12:06] MongoDB connected successfully: ac-qmqonx3-shard-00-00.drldbfy.mongodb.net
[info][12:06] Server is running on port 3001
[info][12:12] MongoDB connected successfully: ac-qmqonx3-shard-00-02.drldbfy.mongodb.net
[info][12:12] Server is running on port 3001
[info][12:12] User logged in: temariteepee@gmail.com
[info][13:12] No user logged out : undefined
[info][13:12] No user logged out : undefined
