[info][04:04] Server is running on port 3001
[info][04:04] MongoDB connected successfully: ac-qmqonx3-shard-00-00.drldbfy.mongodb.net
[info][04:05] Server is running on port 3001
[info][04:05] MongoDB connected successfully: ac-qmqonx3-shard-00-00.drldbfy.mongodb.net
[info][04:11] Server is running on port 3001
[info][04:11] MongoDB connected successfully: ac-qmqonx3-shard-00-02.drldbfy.mongodb.net
[info][04:11] Server is running on port 3001
[info][04:11] MongoDB connected successfully: ac-qmqonx3-shard-00-01.drldbfy.mongodb.net
[info][04:12] Server is running on port 3001
[info][04:12] MongoDB connected successfully: ac-qmqonx3-shard-00-02.drldbfy.mongodb.net
[info][04:44] Server is running on port 3001
[info][04:44] MongoDB connected successfully: ac-qmqonx3-shard-00-00.drldbfy.mongodb.net
[info][04:44] Server is running on port 3001
[info][04:44] MongoDB connected successfully: ac-qmqonx3-shard-00-02.drldbfy.mongodb.net
[info][04:44] Server is running on port 3001
[info][04:44] MongoDB connected successfully: ac-qmqonx3-shard-00-02.drldbfy.mongodb.net
[info][04:45] Server is running on port 3001
[info][04:45] MongoDB connected successfully: ac-qmqonx3-shard-00-00.drldbfy.mongodb.net
[info][04:45] Server is running on port 3001
[info][04:45] MongoDB connected successfully: ac-qmqonx3-shard-00-02.drldbfy.mongodb.net
[info][04:45] Server is running on port 3001
[info][04:45] MongoDB connected successfully: ac-qmqonx3-shard-00-01.drldbfy.mongodb.net
[info][04:45] Server is running on port 3001
[info][04:45] MongoDB connected successfully: ac-qmqonx3-shard-00-02.drldbfy.mongodb.net
[info][04:45] Server is running on port 3001
[info][04:45] MongoDB connected successfully: ac-qmqonx3-shard-00-00.drldbfy.mongodb.net
[info][04:47] Server is running on port 3001
[info][04:47] MongoDB connected successfully: ac-qmqonx3-shard-00-02.drldbfy.mongodb.net
[info][04:47] Server is running on port 3001
[info][04:47] MongoDB connected successfully: ac-qmqonx3-shard-00-02.drldbfy.mongodb.net
[info][04:47] Server is running on port 3001
[info][04:47] MongoDB connected successfully: ac-qmqonx3-shard-00-02.drldbfy.mongodb.net
[info][04:48] Server is running on port 3001
[info][04:48] MongoDB connected successfully: ac-qmqonx3-shard-00-00.drldbfy.mongodb.net
[info][04:48] Server is running on port 3001
[info][04:48] MongoDB connected successfully: ac-qmqonx3-shard-00-00.drldbfy.mongodb.net
[info][04:48] Server is running on port 3001
[info][04:48] MongoDB connected successfully: ac-qmqonx3-shard-00-00.drldbfy.mongodb.net
[info][04:48] Server is running on port 3001
[info][04:48] Server is running on port 3001
[info][04:48] MongoDB connected successfully: ac-qmqonx3-shard-00-01.drldbfy.mongodb.net
[info][04:49] Server is running on port 3001
[info][04:49] Server is running on port 3001
[info][04:49] MongoDB connected successfully: ac-qmqonx3-shard-00-02.drldbfy.mongodb.net
[info][04:58] Server is running on port 3001
[info][04:58] MongoDB connected successfully: ac-qmqonx3-shard-00-00.drldbfy.mongodb.net
[info][04:58] Server is running on port 3001
[info][04:58] MongoDB connected successfully: ac-qmqonx3-shard-00-01.drldbfy.mongodb.net
[info][05:37] MongoDB connected successfully: ac-qmqonx3-shard-00-02.drldbfy.mongodb.net
[info][05:37] MongoDB connected successfully: ac-qmqonx3-shard-00-01.drldbfy.mongodb.net
[info][05:37] MongoDB connected successfully: ac-qmqonx3-shard-00-01.drldbfy.mongodb.net
[info][05:40] MongoDB connected successfully: ac-qmqonx3-shard-00-02.drldbfy.mongodb.net
[info][05:42] MongoDB connected successfully: ac-qmqonx3-shard-00-00.drldbfy.mongodb.net
[info][05:43] MongoDB connected successfully: ac-qmqonx3-shard-00-00.drldbfy.mongodb.net
[info][05:43] Server is running on port 3001
[info][05:43] MongoDB connected successfully: ac-qmqonx3-shard-00-02.drldbfy.mongodb.net
[info][05:43] Server is running on port 3001
[info][05:43] MongoDB connected successfully: ac-qmqonx3-shard-00-01.drldbfy.mongodb.net
[info][05:43] Server is running on port 3001
[info][05:43] MongoDB connected successfully: ac-qmqonx3-shard-00-02.drldbfy.mongodb.net
[info][06:16] Server is running on port 3001
[info][06:16] MongoDB connected successfully: ac-qmqonx3-shard-00-00.drldbfy.mongodb.net
[info][06:17] Server is running on port 3001
[info][06:17] Server is running on port 3001
[info][06:17] MongoDB connected successfully: ac-qmqonx3-shard-00-00.drldbfy.mongodb.net
[info][06:17] Server is running on port 3001
[info][06:17] MongoDB connected successfully: ac-qmqonx3-shard-00-01.drldbfy.mongodb.net
[info][06:18] Server is running on port 3001
[info][06:18] MongoDB connected successfully: ac-qmqonx3-shard-00-02.drldbfy.mongodb.net
[info][06:53] Server is running on port 3001
[info][06:53] MongoDB connected successfully: ac-qmqonx3-shard-00-00.drldbfy.mongodb.net
[info][06:54] Server is running on port 3001
[info][06:54] MongoDB connected successfully: ac-qmqonx3-shard-00-00.drldbfy.mongodb.net
[info][19:34] MongoDB connected successfully: ac-qmqonx3-shard-00-00.drldbfy.mongodb.net
[info][19:34] Server is running on port 3001
[info][21:03] Generating cover letter for user: undefined
[info][21:03] File: No file
[info][21:03] Resume text: Reed Vogt  Software Developer  Seattle, Washington | readvogt@gmail.com | 206-915-8624  linkedin.com/in/reed-vogt-fullstack-developer   | https://github.com/reedoooo  Seattle-based Full Stack Developer with a passion for AI technologies and a strong foundation  in Web-Design. I leverage a robust background in Data Algorithms, databases and Material  UI/UX design principles to deliver functional, user-centric software. Expert in JavaScript,  React.js, Node.js, and Material Design, my career re fl ects diverse projects and ongoing  technical skill enhancement.  TECHNICAL SKILLS  Languages:   HTML5, CSS, SCSS, JavaScript, TypeScript, SQL  AI & Machine Learning:   Familiarity with AI model training techniques, data processing, and  analysis  Frameworks & Tools:   AWS services, Node.js, Express, React.js, MongoDB, MySQL,  PostgreSQL, Jest, Docker, React Native, Material Design  Teaching & Tutoring:   Experience in explaining complex concepts in understandable terms,  patient and effective in educational settings  PROJECTS  Enhanced Card Store |   May 2023   |   github.com/reedoooo/enhanced-card-store#readme  ●   Spearheaded the development of an e-commerce platform for trading card  enthusiasts, enhancing user interaction and commercial functionality.  ●   Technologies: JavaScript, React.js, Express, MongoDB, Material-UI, Zod, Fetch  API, cron, Nivo Charts.  ●   Key Achievements:  ●   Engineered a sophisticated card search and management system,  boosting user engagement and facilitating seamless transaction  experiences.  ●   Deployed data visualization tools to track card trends, contributing to  strategic business insights and enhanced user retention by 25%.  EDUCATION  Code Fellows - Seattle, WA  Certi fi cate - Advanced Software Development in Full Stack JavaScript - 2023  Willamette University, Salem, OR  Two-Year Coursework in Psychology  EXPERIENCE  Pagliacci Pizza, Seattle, WA, Cook, Feb 2022 – Nov 2022  ●   Elevated kitchen productivity through a revamped work fl ow that streamlined  task allocation and prioritized resource e ffi ciency, resulting in a 30% drop in  customer complaints and a 10% increment in sales performance.  Amazon Warehouse, Warehouse Associate, Apr 2020 – Sep 2020  ●   Played a vital role in implementing a new inventory management system that  improved time e ffi ciency by over 50%.
[info][21:03] Resume URL: undefined
[info][21:13] MongoDB connected successfully: ac-qmqonx3-shard-00-00.drldbfy.mongodb.net
[info][21:13] Server is running on port 3001
[info][21:13] MongoDB connected successfully: ac-qmqonx3-shard-00-00.drldbfy.mongodb.net
[info][21:13] Server is running on port 3001
[info][21:13] MongoDB connected successfully: ac-qmqonx3-shard-00-00.drldbfy.mongodb.net
[info][21:13] Server is running on port 3001
[info][21:13] MongoDB connected successfully: ac-qmqonx3-shard-00-01.drldbfy.mongodb.net
[info][21:13] Server is running on port 3001
[info][21:14] MongoDB connected successfully: ac-qmqonx3-shard-00-02.drldbfy.mongodb.net
[info][21:14] Server is running on port 3001
[info][21:14] MongoDB connected successfully: ac-qmqonx3-shard-00-01.drldbfy.mongodb.net
[info][21:14] Server is running on port 3001
[info][21:14] MongoDB connected successfully: ac-qmqonx3-shard-00-02.drldbfy.mongodb.net
[info][21:14] Server is running on port 3001
[info][21:14] MongoDB connected successfully: ac-qmqonx3-shard-00-01.drldbfy.mongodb.net
[info][21:14] Server is running on port 3001
[info][21:16] MongoDB connected successfully: ac-qmqonx3-shard-00-01.drldbfy.mongodb.net
[info][21:16] Server is running on port 3001
[info][21:16] MongoDB connected successfully: ac-qmqonx3-shard-00-00.drldbfy.mongodb.net
[info][21:16] Server is running on port 3001
[info][21:16] MongoDB connected successfully: ac-qmqonx3-shard-00-01.drldbfy.mongodb.net
[info][21:16] Server is running on port 3001
[info][21:16] MongoDB connected successfully: ac-qmqonx3-shard-00-00.drldbfy.mongodb.net
[info][21:16] Server is running on port 3001
[info][21:16] MongoDB connected successfully: ac-qmqonx3-shard-00-00.drldbfy.mongodb.net
[info][21:16] Server is running on port 3001
[info][21:16] MongoDB connected successfully: ac-qmqonx3-shard-00-00.drldbfy.mongodb.net
[info][21:16] Server is running on port 3001
[info][21:16] MongoDB connected successfully: ac-qmqonx3-shard-00-01.drldbfy.mongodb.net
[info][21:16] Server is running on port 3001
[info][21:19] MongoDB connected successfully: ac-qmqonx3-shard-00-01.drldbfy.mongodb.net
[info][21:19] Server is running on port 3001
[info][21:20] MongoDB connected successfully: ac-qmqonx3-shard-00-02.drldbfy.mongodb.net
[info][21:20] Server is running on port 3001
[info][21:21] MongoDB connected successfully: ac-qmqonx3-shard-00-00.drldbfy.mongodb.net
[info][21:21] Server is running on port 3001
[info][21:21] MongoDB connected successfully: ac-qmqonx3-shard-00-02.drldbfy.mongodb.net
[info][21:21] Server is running on port 3001
[info][21:21] [object Object]
[info][21:22] MongoDB connected successfully: ac-qmqonx3-shard-00-02.drldbfy.mongodb.net
[info][21:22] Server is running on port 3001
[info][21:46] MongoDB connected successfully: ac-qmqonx3-shard-00-02.drldbfy.mongodb.net
[info][21:46] Server is running on port 3001
[info][22:08] MongoDB connected successfully: ac-qmqonx3-shard-00-02.drldbfy.mongodb.net
[info][22:08] Server is running on port 3001
[info][22:08] MongoDB connected successfully: ac-qmqonx3-shard-00-00.drldbfy.mongodb.net
[info][22:08] Server is running on port 3001
[info][22:08] MongoDB connected successfully: ac-qmqonx3-shard-00-00.drldbfy.mongodb.net
[info][22:08] Server is running on port 3001
[info][22:08] MongoDB connected successfully: ac-qmqonx3-shard-00-02.drldbfy.mongodb.net
[info][22:08] Server is running on port 3001
[info][22:08] MongoDB connected successfully: ac-qmqonx3-shard-00-01.drldbfy.mongodb.net
[info][22:08] Server is running on port 3001
[info][22:57] MongoDB connected successfully: ac-qmqonx3-shard-00-00.drldbfy.mongodb.net
[info][22:57] Server is running on port 3001
[info][22:57] MongoDB connected successfully: ac-qmqonx3-shard-00-02.drldbfy.mongodb.net
[info][22:57] Server is running on port 3001
[info][22:58] MongoDB connected successfully: ac-qmqonx3-shard-00-01.drldbfy.mongodb.net
[info][22:58] Server is running on port 3001
[info][22:58] MongoDB connected successfully: ac-qmqonx3-shard-00-02.drldbfy.mongodb.net
[info][22:58] Server is running on port 3001
[info][22:59] MongoDB connected successfully: ac-qmqonx3-shard-00-02.drldbfy.mongodb.net
[info][22:59] Server is running on port 3001
[info][22:59] MongoDB connected successfully: ac-qmqonx3-shard-00-00.drldbfy.mongodb.net
[info][22:59] Server is running on port 3001
[info][23:01] MongoDB connected successfully: ac-qmqonx3-shard-00-01.drldbfy.mongodb.net
[info][23:01] Server is running on port 3001
[info][23:01] MongoDB connected successfully: ac-qmqonx3-shard-00-02.drldbfy.mongodb.net
[info][23:01] Server is running on port 3001
[info][23:01] MongoDB connected successfully: ac-qmqonx3-shard-00-01.drldbfy.mongodb.net
[info][23:01] Server is running on port 3001
[info][23:02] MongoDB connected successfully: ac-qmqonx3-shard-00-02.drldbfy.mongodb.net
[info][23:02] Server is running on port 3001
[info][23:02] MongoDB connected successfully: ac-qmqonx3-shard-00-01.drldbfy.mongodb.net
[info][23:02] Server is running on port 3001
[info][23:02] MongoDB connected successfully: ac-qmqonx3-shard-00-01.drldbfy.mongodb.net
[info][23:02] Server is running on port 3001
[info][23:02] MongoDB connected successfully: ac-qmqonx3-shard-00-02.drldbfy.mongodb.net
[info][23:02] Server is running on port 3001
[info][23:02] MongoDB connected successfully: ac-qmqonx3-shard-00-01.drldbfy.mongodb.net
[info][23:02] Server is running on port 3001
[info][23:02] MongoDB connected successfully: ac-qmqonx3-shard-00-00.drldbfy.mongodb.net
[info][23:02] Server is running on port 3001
[info][23:02] MongoDB connected successfully: ac-qmqonx3-shard-00-01.drldbfy.mongodb.net
[info][23:02] Server is running on port 3001
[info][23:03] MongoDB connected successfully: ac-qmqonx3-shard-00-00.drldbfy.mongodb.net
[info][23:03] Server is running on port 3001
[info][23:03] MongoDB connected successfully: ac-qmqonx3-shard-00-02.drldbfy.mongodb.net
[info][23:03] Server is running on port 3001
[info][23:03] MongoDB connected successfully: ac-qmqonx3-shard-00-00.drldbfy.mongodb.net
[info][23:03] Server is running on port 3001
[info][23:03] MongoDB connected successfully: ac-qmqonx3-shard-00-02.drldbfy.mongodb.net
[info][23:03] Server is running on port 3001
[info][23:03] MongoDB connected successfully: ac-qmqonx3-shard-00-01.drldbfy.mongodb.net
[info][23:03] Server is running on port 3001
[info][23:03] MongoDB connected successfully: ac-qmqonx3-shard-00-01.drldbfy.mongodb.net
[info][23:03] Server is running on port 3001
[info][23:03] MongoDB connected successfully: ac-qmqonx3-shard-00-02.drldbfy.mongodb.net
[info][23:03] Server is running on port 3001
[info][23:03] MongoDB connected successfully: ac-qmqonx3-shard-00-01.drldbfy.mongodb.net
[info][23:03] Server is running on port 3001
[info][23:03] MongoDB connected successfully: ac-qmqonx3-shard-00-01.drldbfy.mongodb.net
[info][23:03] Server is running on port 3001
[info][23:03] MongoDB connected successfully: ac-qmqonx3-shard-00-01.drldbfy.mongodb.net
[info][23:03] Server is running on port 3001
[info][23:04] MongoDB connected successfully: ac-qmqonx3-shard-00-00.drldbfy.mongodb.net
[info][23:04] Server is running on port 3001
[info][23:05] MongoDB connected successfully: ac-qmqonx3-shard-00-02.drldbfy.mongodb.net
[info][23:05] Server is running on port 3001
[info][23:05] MongoDB connected successfully: ac-qmqonx3-shard-00-00.drldbfy.mongodb.net
[info][23:05] Server is running on port 3001
[info][23:05] MongoDB connected successfully: ac-qmqonx3-shard-00-01.drldbfy.mongodb.net
[info][23:05] Server is running on port 3001
[info][23:05] MongoDB connected successfully: ac-qmqonx3-shard-00-01.drldbfy.mongodb.net
[info][23:05] Server is running on port 3001
[info][23:05] MongoDB connected successfully: ac-qmqonx3-shard-00-02.drldbfy.mongodb.net
[info][23:05] Server is running on port 3001
[info][23:06] [PDF File]: No file
[info][23:07] MongoDB connected successfully: ac-qmqonx3-shard-00-01.drldbfy.mongodb.net
[info][23:07] Server is running on port 3001
[info][23:07] MongoDB connected successfully: ac-qmqonx3-shard-00-01.drldbfy.mongodb.net
[info][23:07] Server is running on port 3001
[info][23:07] MongoDB connected successfully: ac-qmqonx3-shard-00-00.drldbfy.mongodb.net
[info][23:07] Server is running on port 3001
[info][23:07] MongoDB connected successfully: ac-qmqonx3-shard-00-02.drldbfy.mongodb.net
[info][23:07] Server is running on port 3001
[info][23:08] MongoDB connected successfully: ac-qmqonx3-shard-00-02.drldbfy.mongodb.net
[info][23:08] Server is running on port 3001
[info][23:08] MongoDB connected successfully: ac-qmqonx3-shard-00-02.drldbfy.mongodb.net
[info][23:08] Server is running on port 3001
[info][23:08] MongoDB connected successfully: ac-qmqonx3-shard-00-00.drldbfy.mongodb.net
[info][23:08] Server is running on port 3001
[info][23:08] [PDF File]: No file
[info][23:08] [Form Data TYPE]: undefined
[info][23:09] [PDF File]: No file
[info][23:09] [Form Data TYPE]: undefined
[info][23:32] [PDF File]: No file
[info][23:32] [Form Data TYPE]: undefined
[info][23:35] [PDF File]: No file
[info][23:35] [Form Data TYPE]: undefined
[info][23:37] [PDF File]: No file
[info][23:37] [Form Data TYPE]: undefined
[info][23:38] [PDF File]: No file
[info][23:38] [Form Data TYPE]: undefined
[info][23:42] MongoDB connected successfully: ac-qmqonx3-shard-00-02.drldbfy.mongodb.net
[info][23:42] Server is running on port 3001
[info][23:43] MongoDB connected successfully: ac-qmqonx3-shard-00-00.drldbfy.mongodb.net
[info][23:43] Server is running on port 3001
[info][23:43] MongoDB connected successfully: ac-qmqonx3-shard-00-00.drldbfy.mongodb.net
[info][23:43] Server is running on port 3001
[info][23:43] MongoDB connected successfully: ac-qmqonx3-shard-00-01.drldbfy.mongodb.net
[info][23:43] Server is running on port 3001
[info][23:44] MongoDB connected successfully: ac-qmqonx3-shard-00-01.drldbfy.mongodb.net
[info][23:44] Server is running on port 3001
[info][23:44] MongoDB connected successfully: ac-qmqonx3-shard-00-00.drldbfy.mongodb.net
[info][23:44] Server is running on port 3001
[info][23:44] MongoDB connected successfully: ac-qmqonx3-shard-00-02.drldbfy.mongodb.net
[info][23:44] Server is running on port 3001
[info][23:44] MongoDB connected successfully: ac-qmqonx3-shard-00-02.drldbfy.mongodb.net
[info][23:44] Server is running on port 3001
[info][23:44] MongoDB connected successfully: ac-qmqonx3-shard-00-00.drldbfy.mongodb.net
[info][23:44] Server is running on port 3001
[info][23:44] MongoDB connected successfully: ac-qmqonx3-shard-00-01.drldbfy.mongodb.net
[info][23:44] Server is running on port 3001
[info][23:45] MongoDB connected successfully: ac-qmqonx3-shard-00-02.drldbfy.mongodb.net
[info][23:45] Server is running on port 3001
[info][23:45] MongoDB connected successfully: ac-qmqonx3-shard-00-02.drldbfy.mongodb.net
[info][23:45] Server is running on port 3001
[info][23:47] MongoDB connected successfully: ac-qmqonx3-shard-00-02.drldbfy.mongodb.net
[info][23:47] Server is running on port 3001
[info][23:47] MongoDB connected successfully: ac-qmqonx3-shard-00-02.drldbfy.mongodb.net
[info][23:47] Server is running on port 3001
[info][23:47] MongoDB connected successfully: ac-qmqonx3-shard-00-00.drldbfy.mongodb.net
[info][23:47] Server is running on port 3001
[info][23:47] MongoDB connected successfully: ac-qmqonx3-shard-00-00.drldbfy.mongodb.net
[info][23:47] Server is running on port 3001
[info][23:48] MongoDB connected successfully: ac-qmqonx3-shard-00-01.drldbfy.mongodb.net
[info][23:48] Server is running on port 3001
[info][23:48] MongoDB connected successfully: ac-qmqonx3-shard-00-01.drldbfy.mongodb.net
[info][23:48] Server is running on port 3001
[info][23:50] MongoDB connected successfully: ac-qmqonx3-shard-00-01.drldbfy.mongodb.net
[info][23:50] Server is running on port 3001
[info][23:50] MongoDB connected successfully: ac-qmqonx3-shard-00-02.drldbfy.mongodb.net
[info][23:50] Server is running on port 3001
[info][23:50] MongoDB connected successfully: ac-qmqonx3-shard-00-00.drldbfy.mongodb.net
[info][23:50] Server is running on port 3001
[info][23:51] MongoDB connected successfully: ac-qmqonx3-shard-00-00.drldbfy.mongodb.net
[info][23:51] Server is running on port 3001
[info][23:54] MongoDB connected successfully: ac-qmqonx3-shard-00-02.drldbfy.mongodb.net
[info][23:54] Server is running on port 3001
[info][23:54] MongoDB connected successfully: ac-qmqonx3-shard-00-00.drldbfy.mongodb.net
[info][23:54] Server is running on port 3001
[info][23:54] MongoDB connected successfully: ac-qmqonx3-shard-00-00.drldbfy.mongodb.net
[info][23:54] Server is running on port 3001
[info][23:54] MongoDB connected successfully: ac-qmqonx3-shard-00-01.drldbfy.mongodb.net
[info][23:54] Server is running on port 3001
[info][23:59] MongoDB connected successfully: ac-qmqonx3-shard-00-00.drldbfy.mongodb.net
[info][23:59] Server is running on port 3001
