[info][16:49] Server is running on port 3001
[info][16:49] MongoDB connected successfully: ac-qmqonx3-shard-00-00.drldbfy.mongodb.net
[info][16:52] Server is running on port 3001
[info][16:52] MongoDB connected successfully: ac-qmqonx3-shard-00-00.drldbfy.mongodb.net
[info][16:52] Server is running on port 3001
[info][16:52] MongoDB connected successfully: ac-qmqonx3-shard-00-00.drldbfy.mongodb.net
[info][16:52] Server is running on port 3001
[info][16:52] MongoDB connected successfully: ac-qmqonx3-shard-00-01.drldbfy.mongodb.net
[info][16:53] Server is running on port 3001
[info][16:53] MongoDB connected successfully: ac-qmqonx3-shard-00-01.drldbfy.mongodb.net
[info][16:53] Server is running on port 3001
[info][16:53] Server is running on port 3001
[info][16:53] MongoDB connected successfully: ac-qmqonx3-shard-00-01.drldbfy.mongodb.net
[info][16:53] Server is running on port 3001
[info][16:53] Server is running on port 3001
[info][16:53] MongoDB connected successfully: ac-qmqonx3-shard-00-02.drldbfy.mongodb.net
[info][16:53] Server is running on port 3001
[info][16:53] MongoDB connected successfully: ac-qmqonx3-shard-00-00.drldbfy.mongodb.net
[info][16:54] Server is running on port 3001
[info][16:54] MongoDB connected successfully: ac-qmqonx3-shard-00-01.drldbfy.mongodb.net
[info][16:54] Server is running on port 3001
[info][16:54] MongoDB connected successfully: ac-qmqonx3-shard-00-00.drldbfy.mongodb.net
[info][21:24] Server is running on port 3001
[info][21:24] MongoDB connected successfully: ac-qmqonx3-shard-00-02.drldbfy.mongodb.net
[info][21:25] Server is running on port 3001
[info][21:25] MongoDB connected successfully: ac-qmqonx3-shard-00-00.drldbfy.mongodb.net
[info][21:25] Server is running on port 3001
[info][21:25] MongoDB connected successfully: ac-qmqonx3-shard-00-01.drldbfy.mongodb.net
[info][21:25] Server is running on port 3001
[info][21:25] MongoDB connected successfully: ac-qmqonx3-shard-00-01.drldbfy.mongodb.net
[info][21:25] Server is running on port 3001
[info][21:25] MongoDB connected successfully: ac-qmqonx3-shard-00-01.drldbfy.mongodb.net
[info][21:26] Server is running on port 3001
[info][21:26] MongoDB connected successfully: ac-qmqonx3-shard-00-02.drldbfy.mongodb.net
[info][21:26] Server is running on port 3001
[info][21:26] MongoDB connected successfully: ac-qmqonx3-shard-00-00.drldbfy.mongodb.net
[info][21:26] Server is running on port 3001
[info][21:26] MongoDB connected successfully: ac-qmqonx3-shard-00-00.drldbfy.mongodb.net
[info][21:26] Server is running on port 3001
[info][21:26] MongoDB connected successfully: ac-qmqonx3-shard-00-01.drldbfy.mongodb.net
[info][21:27] Generating cover letter for user: [object Object]
[info][21:27] File: No file
[info][21:27] Resume text: undefined
[info][21:36] Server is running on port 3001
[info][21:36] MongoDB connected successfully: ac-qmqonx3-shard-00-02.drldbfy.mongodb.net
[info][21:37] Server is running on port 3001
[info][21:37] MongoDB connected successfully: ac-qmqonx3-shard-00-01.drldbfy.mongodb.net
[info][21:38] Server is running on port 3001
[info][21:38] MongoDB connected successfully: ac-qmqonx3-shard-00-00.drldbfy.mongodb.net
[info][21:38] Server is running on port 3001
[info][21:38] MongoDB connected successfully: ac-qmqonx3-shard-00-00.drldbfy.mongodb.net
[info][21:39] Server is running on port 3001
[info][21:39] MongoDB connected successfully: ac-qmqonx3-shard-00-02.drldbfy.mongodb.net
[info][21:40] Server is running on port 3001
[info][21:40] MongoDB connected successfully: ac-qmqonx3-shard-00-00.drldbfy.mongodb.net
[info][21:40] Server is running on port 3001
[info][21:40] MongoDB connected successfully: ac-qmqonx3-shard-00-02.drldbfy.mongodb.net
[info][21:40] Server is running on port 3001
[info][21:40] MongoDB connected successfully: ac-qmqonx3-shard-00-01.drldbfy.mongodb.net
[info][21:40] Server is running on port 3001
[info][21:40] MongoDB connected successfully: ac-qmqonx3-shard-00-01.drldbfy.mongodb.net
[info][21:40] Server is running on port 3001
[info][21:40] MongoDB connected successfully: ac-qmqonx3-shard-00-00.drldbfy.mongodb.net
[info][21:40] Server is running on port 3001
[info][21:40] MongoDB connected successfully: ac-qmqonx3-shard-00-00.drldbfy.mongodb.net
[info][21:40] Server is running on port 3001
[info][21:40] MongoDB connected successfully: ac-qmqonx3-shard-00-00.drldbfy.mongodb.net
[info][21:41] Server is running on port 3001
[info][21:41] MongoDB connected successfully: ac-qmqonx3-shard-00-01.drldbfy.mongodb.net
[info][21:41] Server is running on port 3001
[info][21:41] MongoDB connected successfully: ac-qmqonx3-shard-00-02.drldbfy.mongodb.net
[info][21:41] Server is running on port 3001
[info][21:41] MongoDB connected successfully: ac-qmqonx3-shard-00-00.drldbfy.mongodb.net
[info][21:43] Server is running on port 3001
[info][21:43] MongoDB connected successfully: ac-qmqonx3-shard-00-01.drldbfy.mongodb.net
[info][21:43] Server is running on port 3001
[info][21:43] MongoDB connected successfully: ac-qmqonx3-shard-00-00.drldbfy.mongodb.net
[info][21:43] Server is running on port 3001
[info][21:43] MongoDB connected successfully: ac-qmqonx3-shard-00-02.drldbfy.mongodb.net
[info][21:43] Server is running on port 3001
[info][21:43] MongoDB connected successfully: ac-qmqonx3-shard-00-02.drldbfy.mongodb.net
[info][21:43] Server is running on port 3001
[info][21:43] MongoDB connected successfully: ac-qmqonx3-shard-00-00.drldbfy.mongodb.net
[info][21:43] Server is running on port 3001
[info][21:43] MongoDB connected successfully: ac-qmqonx3-shard-00-00.drldbfy.mongodb.net
[info][21:44] Server is running on port 3001
[info][21:44] Server is running on port 3001
[info][21:44] MongoDB connected successfully: ac-qmqonx3-shard-00-00.drldbfy.mongodb.net
[info][21:44] Server is running on port 3001
[info][21:44] MongoDB connected successfully: ac-qmqonx3-shard-00-00.drldbfy.mongodb.net
[info][21:45] Server is running on port 3001
[info][21:46] MongoDB connected successfully: ac-qmqonx3-shard-00-00.drldbfy.mongodb.net
[info][21:46] Server is running on port 3001
[info][21:46] MongoDB connected successfully: ac-qmqonx3-shard-00-00.drldbfy.mongodb.net
[info][21:46] Server is running on port 3001
[info][21:46] MongoDB connected successfully: ac-qmqonx3-shard-00-00.drldbfy.mongodb.net
[info][21:46] Server is running on port 3001
[info][21:46] MongoDB connected successfully: ac-qmqonx3-shard-00-01.drldbfy.mongodb.net
[info][21:46] Server is running on port 3001
[info][21:46] MongoDB connected successfully: ac-qmqonx3-shard-00-02.drldbfy.mongodb.net
[info][22:19] Server is running on port 3001
[info][22:19] MongoDB connected successfully: ac-qmqonx3-shard-00-02.drldbfy.mongodb.net
