[info][00:03] User logged in: Hinata
[info][00:56] User logged in: Hinata
[info][01:16] User logged in: Hinata
[info][02:18] User logged in: Hinata
[info][03:53] User logged in: Hinata
[info][04:50] User logged in: Hinata
[info][05:13] Parsed Raw Input Values:
[info][05:13] Extracted data from LinkedIn job listing:
[info][05:13] Scraped: {"jobTitle":"Frontend Software Engineer","companyName":"TikTok","jobDescription":"ResponsibilitiesTikTok is the leading destination for short-form mobile video. Our mission is to inspire creativity and bring joy. TikTok has global offices including Mountain View, Los Angeles, New York, London, Paris, Berlin, Dubai, Mumbai, Singapore, Jakarta, Seoul, and Tokyo. Why Join Us Creation is the core of TikTok's purpose. Our platform is built to help imaginations thrive. This is doubly true of the teams that make TikTok possible. Together, we inspire creativity and bring joy - a mission we all believe in and aim towards achieving every day. To us, every challenge, no matter how difficult, is an opportunity; to learn, to innovate, and to grow as one team. Status quo? Never. Courage? Always. At TikTok, we create together and grow together. That's how we drive impact - for ourselves, our company, and the communities we serve. Join us. The e-commerce industry has seen tremendous growth in recent years and has become a hotly contested space amongst leading Internet companies, and its future growth cannot be underestimated. With millions of loyal users globally, we believe TikTok is an ideal platform to deliver a brand new and better e-commerce experience to our users. Our product engineering team is responsible for building an e-commerce ecosystem that is innovative, secure and intuitive for our users. We are looking for passionate and talented people to join us as we drive the future of e-commerce here at TikTok. Responsibilities: - Work closely with Product Managers, Designers, and other disciplines to develop all of TTS US businesses on TikTok. - Be responsible for developing all of TTS US Shop businesses - which will involve exciting projects covering user growth, homepage, discovery channel etc.QualificationsMinimum Qulifications: - Bachelor or higher degree in Computer Science or related technical discipline. - 2+ years of related working experience on Frontend development. - Experience with JavaScript/HTML/CSS, React/Vue/Angular. - Experience in solving browser compatibility issues and optimizing front-end performance. - Experience of business, technical abstraction and system module design. Preferred Qualifications: - Hybrid cross-platform development experience. - Large-scale website architecture experience. TikTok is committed to creating an inclusive space where employees are valued for their skills, experiences, and unique perspectives. Our platform connects people from across the globe and so does our workplace. At TikTok, our mission is to inspire creativity and bring joy. To achieve that goal, we are committed to celebrating our diverse voices and to creating an environment that reflects the many communities we reach. We are passionate about this and hope you are too. TikTok is committed to providing reasonable accommodations in our recruitment processes for candidates with disabilities, pregnancy, sincerely held religious beliefs or other reasons protected by applicable laws. If you need assistance or a reasonable accommodation, please reach out to us at https://shorturl.at/cdpT2.Job Information【For Pay Transparency】Compensation Description (annually)The base salary range for this position in the selected city is $145000 - $250000 annually.​Compensation may vary outside of this range depending on a number of factors, including a candidate’s qualifications, skills, competencies and experience, and location. Base pay is one part of the Total Package that is provided to compensate and recognize employees for their work, and this role may be eligible for additional discretionary bonuses/incentives, and restricted stock units.​Our company benefits are designed to convey company culture and values, to create an efficient and inspiring work environment, and to support our employees to give their best in both work and life. We offer the following benefits to eligible employees: ​We cover 100% premium coverage for employee medical insurance, approximately 75% premium coverage for dependents and offer a Health Savings Account(HSA) with a company match. As well as Dental, Vision, Short/Long term Disability, Basic Life, Voluntary Life and AD&D insurance plans. In addition to Flexible Spending Account(FSA) Options like Health Care, Limited Purpose and Dependent Care. ​Our time off and leave plans are: 10 paid holidays per year plus 17 days of Paid Personal Time Off (PPTO) (prorated upon hire and increased by tenure) and 10 paid sick days per year as well as 12 weeks of paid Parental leave and 8 weeks of paid Supplemental Disability. ​We also provide generous benefits like mental and emotional health benefits through our EAP and Lyra. A 401K company match, gym and cellphone service reimbursements. The Company reserves the right to modify or change these benefits programs at any time, with or without notice.​ Show more Show less","jobRequirements":"Mid-Senior level, Full-time, Engineering, Technology, Information and Internet","skills":"","location":"Seattle, WA","employmentType":"","postedDate":"2 weeks ago","seniorityLevel":"","industries":"","companyCulture":"","benefits":""}
[info][05:13] [GENERATED COVER LETTER] Reed O Vogt
2222 e cr drive
[Your City, State, Zip Code]
readvogt@gmail.com
2069158624

5/23/2024

Hiring Manager
TikTok
[TikTok Address]
[TikTok City, State, Zip Code]

Dear Hiring Manager,

I am writing to express my interest in the Frontend Software Engineer position at TikTok as advertised. With a strong background in software development and a passion for AI technologies, I believe that my skills and experience align well with the requirements of this role.

Having worked as a Full Stack Developer based in Seattle, I have honed my expertise in languages such as HTML5, CSS, JavaScript, TypeScript, and SQL. Additionally, I am proficient in utilizing frameworks and tools including AWS services, Node.js, React.js, MongoDB, MySQL, PostgreSQL, Jest, Docker, React Native, and Material Design. My experience in AI model training techniques and data analysis further complements the technical skill set required for this position.

I have successfully led projects such as Portfolio (built with JavaScript and React.js), Enhanced Card Store (featuring e-commerce functionality built with React.js), and TabPage (a work organizer web app built with JavaScript and React.js). These projects showcase my ability to deliver user-centric software solutions while leveraging cutting-edge technologies.

Moreover, my educational background includes a Certificate in Advanced Software Development in Full Stack JavaScript from Code Fellows in Seattle. I have also gained valuable experience working at Pagliacci Pizza where I improved kitchen productivity and at Amazon Warehouse where I implemented an efficient inventory management system.

I am particularly excited about the opportunity to contribute to TikTok's mission of inspiring creativity and bringing joy through innovative e-commerce solutions. The prospect of working with a diverse team that values inclusivity resonates with me deeply.

I am eager to bring my technical skills and passion for software development to TikTok's dynamic environment. Thank you for considering my application. I look forward to the possibility of discussing how my background, skills, and enthusiasm can contribute to the continued success of TikTok.

Warm regards,

Reed O Vogt
[info][05:13] PDF saved at: /Users/reedvogt/Desktop/cover-letter-generator/src/generated/cover_letter_119e71e86a376866.pdf
[info][05:13] Returning relative PDF path: /generated/cover_letter_119e71e86a376866.pdf
[info][05:23] User logged in: Hinata
